%!Adobe-FontList 1.16
%Locale:0x407

%BeginFont
Handler:DirectoryHandler
FontType:Invalid
OutlineFileName:C:\Users\42o8o\JS.ORG\logo\Font\jsorg.eot
FileModTime:1438114771
%EndFont

%BeginFont
Handler:DirectoryHandler
FontType:Invalid
OutlineFileName:C:\Users\42o8o\JS.ORG\logo\Font\jsorg.svg
FileModTime:1438114771
%EndFont

%BeginFont
Handler:DirectoryHandler
FontType:TrueType
FontName:jsorg
FamilyName:jsorg
StyleName:Regular
FullName:jsorg
MenuName:jsorg
StyleBits:0
WritingScript:Roman
OutlineFileName:C:\Users\42o8o\JS.ORG\logo\Font\jsorg.ttf
DataFormat:sfntData
FileLength:1976
FileModTime:1438114771
WeightClass:400
WidthClass:5
AngleClass:0
NameArray:0,Mac,4,
NameArray:0,Win,1,jsorg
%EndFont

%BeginFont
Handler:DirectoryHandler
FontType:Invalid
OutlineFileName:C:\Users\42o8o\JS.ORG\logo\Font\jsorg.woff
FileModTime:1438114771
%EndFont

%BeginFont
Handler:DirectoryHandler
FontType:Invalid
OutlineFileName:C:\Users\42o8o\JS.ORG\logo\Font\style.css
FileModTime:1438114771
%EndFont

